0 info it worked if it ends with ok
1 verbose cli [ 'C:\\Program Files\\nodejs\\\\node.exe',
1 verbose cli   'C:\\Program Files\\nodejs\\node_modules\\npm\\bin\\npm-cli.js',
1 verbose cli   'publish' ]
2 info using npm@2.5.1
3 info using node@v0.12.1
4 verbose node symlink C:\Program Files\nodejs\\node.exe
5 verbose publish [ '.' ]
6 silly cache add args [ '.', null ]
7 verbose cache add spec .
8 silly cache add parsed spec { raw: '.',
8 silly cache add   scope: null,
8 silly cache add   name: null,
8 silly cache add   rawSpec: '.',
8 silly cache add   spec: 'C:\\Users\\jmbri\\Documents\\Visual Studio 2015\\Projects\\Stock Master\\TeanJS',
8 silly cache add   type: 'directory' }
9 verbose addLocalDirectory C:\Users\jmbri\AppData\Roaming\npm-cache\tean-js\1.0.0\package.tgz not in flight; packing
10 verbose tar pack [ 'C:\\Users\\jmbri\\AppData\\Roaming\\npm-cache\\tean-js\\1.0.0\\package.tgz',
10 verbose tar pack   'C:\\Users\\jmbri\\Documents\\Visual Studio 2015\\Projects\\Stock Master\\TeanJS' ]
11 verbose tarball C:\Users\jmbri\AppData\Roaming\npm-cache\tean-js\1.0.0\package.tgz
12 verbose folder C:\Users\jmbri\Documents\Visual Studio 2015\Projects\Stock Master\TeanJS
13 info prepublish tean-js@1.0.0
14 error tar pack Error reading C:\Users\jmbri\Documents\Visual Studio 2015\Projects\Stock Master\TeanJS
15 error addLocalDirectory Could not pack C:\Users\jmbri\Documents\Visual Studio 2015\Projects\Stock Master\TeanJS to C:\Users\jmbri\AppData\Roaming\npm-cache\tean-js\1.0.0\package.tgz
16 error addLocal Could not install C:\Users\jmbri\Documents\Visual Studio 2015\Projects\Stock Master\TeanJS
17 verbose fstream_path C:\Users\jmbri\Documents\Visual Studio 2015\Projects\Stock Master\TeanJS
18 verbose fstream_type Directory
19 verbose fstream_class Packer
20 verbose stack Error: ENOENT, lstat 'C:\Users\jmbri\Documents\Visual Studio 2015\Projects\Stock Master\TeanJS\tean-js'
20 verbose stack     at Error (native)
21 verbose fstream_stack C:\Program Files\nodejs\node_modules\npm\node_modules\fstream\lib\dir-reader.js:98:23
21 verbose fstream_stack FSReqWrap.oncomplete (evalmachine.<anonymous>:99:15)
22 verbose cwd C:\Users\jmbri\Documents\Visual Studio 2015\Projects\Stock Master\TeanJS
23 error Windows_NT 6.3.9600
24 error argv "C:\\Program Files\\nodejs\\\\node.exe" "C:\\Program Files\\nodejs\\node_modules\\npm\\bin\\npm-cli.js" "publish"
25 error node v0.12.1
26 error npm  v2.5.1
27 error path C:\Users\jmbri\Documents\Visual Studio 2015\Projects\Stock Master\TeanJS\tean-js
28 error code ENOENT
29 error errno -4058
30 error enoent ENOENT, lstat 'C:\Users\jmbri\Documents\Visual Studio 2015\Projects\Stock Master\TeanJS\tean-js'
30 error enoent This is most likely not a problem with npm itself
30 error enoent and is related to npm not being able to find a file.
31 verbose exit [ -4058, true ]
